<?xml version="1.0" encoding="UTF-8"?>
<!-- Generated by org.testng.reporters.JUnitXMLReporter -->
<testsuite hostname="Navin" ignored="0" name="Test" tests="1" failures="1" timestamp="06 Oct 2020 05:45:00 GMT" time="21.861" errors="0">
  <testcase name="login_logout_operation" time="11.074" classname="scripts.TestLoginLogoutScipts">
    <failure type="org.openqa.selenium.InvalidArgumentException" message="invalid argument
from invalid argument: &amp;apos;element&amp;apos; is missing
  (Session info: chrome=85.0.4183.121)
Build info: version: &amp;apos;3.4.0&amp;apos;, revision: &amp;apos;unknown&amp;apos;, time: &amp;apos;unknown&amp;apos;
System info: host: &amp;apos;NAVIN&amp;apos;, ip: &amp;apos;192.168.43.7&amp;apos;, os.name: &amp;apos;Windows 8.1&amp;apos;, os.arch: &amp;apos;amd64&amp;apos;, os.version: &amp;apos;6.3&amp;apos;, java.version: &amp;apos;1.8.0_231&amp;apos;
Driver info: org.openqa.selenium.chrome.ChromeDriver
Capabilities [{networkConnectionEnabled=false, chrome={chromedriverVersion=85.0.4183.87 (cd6713ebf92fa1cacc0f1a598df280093af0c5d7-refs/branch-heads/4183@{#1689}), userDataDir=C:\Users\NAVINK~1\AppData\Local\Temp\scoped_dir3920_434677721}, timeouts={implicit=0.0, pageLoad=300000.0, script=30000.0}, pageLoadStrategy=normal, unhandledPromptBehavior=dismiss and notify, strictFileInteractability=false, platform=ANY, proxy=Proxy(), goog:chromeOptions={debuggerAddress=localhost:63000}, acceptInsecureCerts=false, browserVersion=85.0.4183.121, browserName=chrome, javascriptEnabled=true, platformName=windows, setWindowRect=true, webauthn:virtualAuthenticators=true}]
Session ID: c4b8c7e79e6c46934bac3bfd007232e3">
      <![CDATA[org.openqa.selenium.InvalidArgumentException: invalid argument
from invalid argument: 'element' is missing
  (Session info: chrome=85.0.4183.121)
Build info: version: '3.4.0', revision: 'unknown', time: 'unknown'
System info: host: 'NAVIN', ip: '192.168.43.7', os.name: 'Windows 8.1', os.arch: 'amd64', os.version: '6.3', java.version: '1.8.0_231'
Driver info: org.openqa.selenium.chrome.ChromeDriver
Capabilities [{networkConnectionEnabled=false, chrome={chromedriverVersion=85.0.4183.87 (cd6713ebf92fa1cacc0f1a598df280093af0c5d7-refs/branch-heads/4183@{#1689}), userDataDir=C:\Users\NAVINK~1\AppData\Local\Temp\scoped_dir3920_434677721}, timeouts={implicit=0.0, pageLoad=300000.0, script=30000.0}, pageLoadStrategy=normal, unhandledPromptBehavior=dismiss and notify, strictFileInteractability=false, platform=ANY, proxy=Proxy(), goog:chromeOptions={debuggerAddress=localhost:63000}, acceptInsecureCerts=false, browserVersion=85.0.4183.121, browserName=chrome, javascriptEnabled=true, platformName=windows, setWindowRect=true, webauthn:virtualAuthenticators=true}]
Session ID: c4b8c7e79e6c46934bac3bfd007232e3
at org.openqa.selenium.remote.http.W3CHttpResponseCodec.createException(W3CHttpResponseCodec.java:150)
at org.openqa.selenium.remote.http.W3CHttpResponseCodec.decode(W3CHttpResponseCodec.java:115)
at org.openqa.selenium.remote.http.W3CHttpResponseCodec.decode(W3CHttpResponseCodec.java:45)
at org.openqa.selenium.remote.HttpCommandExecutor.execute(HttpCommandExecutor.java:164)
at org.openqa.selenium.remote.service.DriverCommandExecutor.execute(DriverCommandExecutor.java:82)
at org.openqa.selenium.remote.RemoteWebDriver.execute(RemoteWebDriver.java:637)
at org.openqa.selenium.remote.RemoteWebDriver.perform(RemoteWebDriver.java:703)
at org.openqa.selenium.interactions.Actions$BuiltAction.perform(Actions.java:631)
at org.openqa.selenium.interactions.Actions.perform(Actions.java:593)
at pom.LogoutPage.logoutApps(LogoutPage.java:28)
at scripts.TestLoginLogoutScipts.login_logout_operation(TestLoginLogoutScipts.java:21)
... Removed 29 stack frames]]>
    </failure>
  </testcase> <!-- login_logout_operation -->
</testsuite> <!-- Test -->
